<?xml version="1.0" encoding="UTF-8"?>
<!-- Generated by org.testng.reporters.JUnitXMLReporter -->
<testsuite hostname="INDIAPC0JP995" name="Test" tests="4" failures="0" timestamp="30 Jul 2019 03:01:25 GMT" time="0.038" errors="0">
  <testcase name="test1" time="0.011" classname="com.scripts.S29_TestNGDemo"/>
  <testcase name="test2" time="0.001" classname="com.scripts.S29_TestNGDemo"/>
  <testcase name="test2" time="0.002" classname="com.scripts.S29_TestNGDemo"/>
  <testcase name="test2" time="0.002" classname="com.scripts.S29_TestNGDemo"/>
</testsuite> <!-- Test -->
